<?xml version="1.0" encoding="UTF-8"?>
<testng-results skipped="0" failed="0" ignored="0" total="1" passed="1">
  <reporter-output>
  </reporter-output>
  <suite name="Default suite" duration-ms="91" started-at="2020-12-02T14:50:35Z" finished-at="2020-12-02T14:50:35Z">
    <groups>
    </groups>
    <test name="Default test" duration-ms="91" started-at="2020-12-02T14:50:35Z" finished-at="2020-12-02T14:50:35Z">
      <class name="Automation.Selenium.Login">
        <test-method status="PASS" signature="test()[pri:0, instance:Automation.Selenium.Login@1d8d30f7]" name="test" duration-ms="50" started-at="2020-12-02T14:50:35Z" finished-at="2020-12-02T14:50:35Z">
          <reporter-output>
          </reporter-output>
        </test-method> <!-- test -->
      </class> <!-- Automation.Selenium.Login -->
    </test> <!-- Default test -->
  </suite> <!-- Default suite -->
</testng-results>
